<?xml version="1.0" encoding="UTF-8"?>
<!-- Generated by org.testng.reporters.JUnitXMLReporter -->
<testsuite hostname="Muthumani-PC" ignored="0" name="Default test" tests="4" failures="0" timestamp="21 Jun 2022 12:48:45 GMT" time="19.452" errors="0">
  <testcase name="post" time="14.301" classname="org.api.automation.TestNg.Requres_Post_Get_Put_Delete"/>
  <testcase name="get" time="1.997" classname="org.api.automation.TestNg.Requres_Post_Get_Put_Delete"/>
  <testcase name="put" time="1.532" classname="org.api.automation.TestNg.Requres_Post_Get_Put_Delete"/>
  <testcase name="delete" time="1.465" classname="org.api.automation.TestNg.Requres_Post_Get_Put_Delete"/>
</testsuite> <!-- Default test -->
